[2018-03-13T12:28:21,211][INFO ][o.e.n.Node               ] [] initializing ...
[2018-03-13T12:28:21,520][INFO ][o.e.e.NodeEnvironment    ] [gh3tm0s] using [1] data paths, mounts [[/ (/dev/sda1)]], net usable_space [260.4gb], net total_space [285.5gb], spins? [possibly], types [ext4]
[2018-03-13T12:28:21,521][INFO ][o.e.e.NodeEnvironment    ] [gh3tm0s] heap size [1.9gb], compressed ordinary object pointers [true]
[2018-03-13T12:28:21,522][INFO ][o.e.n.Node               ] node name [gh3tm0s] derived from node ID [gh3tm0smTeWQmSJinoELqw]; set [node.name] to override
[2018-03-13T12:28:21,522][INFO ][o.e.n.Node               ] version[5.5.3], pid[10613], build[9305a5e/2017-09-07T15:56:59.599Z], OS[Linux/4.10.0-28-generic/amd64], JVM[Oracle Corporation/Java HotSpot(TM) 64-Bit Server VM/1.8.0_161/25.161-b12]
[2018-03-13T12:28:21,523][INFO ][o.e.n.Node               ] JVM arguments [-Xms2g, -Xmx2g, -XX:+UseConcMarkSweepGC, -XX:CMSInitiatingOccupancyFraction=75, -XX:+UseCMSInitiatingOccupancyOnly, -XX:+AlwaysPreTouch, -Xss1m, -Djava.awt.headless=true, -Dfile.encoding=UTF-8, -Djna.nosys=true, -Djdk.io.permissionsUseCanonicalPath=true, -Dio.netty.noUnsafe=true, -Dio.netty.noKeySetOptimization=true, -Dio.netty.recycler.maxCapacityPerThread=0, -Dlog4j.shutdownHookEnabled=false, -Dlog4j2.disable.jmx=true, -Dlog4j.skipJansi=true, -XX:+HeapDumpOnOutOfMemoryError, -Des.path.home=/home/sams/projects/TAS/elasticsearch-5.5.3]
[2018-03-13T12:28:23,524][INFO ][o.e.p.PluginsService     ] [gh3tm0s] loaded module [aggs-matrix-stats]
[2018-03-13T12:28:23,524][INFO ][o.e.p.PluginsService     ] [gh3tm0s] loaded module [ingest-common]
[2018-03-13T12:28:23,524][INFO ][o.e.p.PluginsService     ] [gh3tm0s] loaded module [lang-expression]
[2018-03-13T12:28:23,524][INFO ][o.e.p.PluginsService     ] [gh3tm0s] loaded module [lang-groovy]
[2018-03-13T12:28:23,525][INFO ][o.e.p.PluginsService     ] [gh3tm0s] loaded module [lang-mustache]
[2018-03-13T12:28:23,525][INFO ][o.e.p.PluginsService     ] [gh3tm0s] loaded module [lang-painless]
[2018-03-13T12:28:23,525][INFO ][o.e.p.PluginsService     ] [gh3tm0s] loaded module [parent-join]
[2018-03-13T12:28:23,525][INFO ][o.e.p.PluginsService     ] [gh3tm0s] loaded module [percolator]
[2018-03-13T12:28:23,525][INFO ][o.e.p.PluginsService     ] [gh3tm0s] loaded module [reindex]
[2018-03-13T12:28:23,526][INFO ][o.e.p.PluginsService     ] [gh3tm0s] loaded module [transport-netty3]
[2018-03-13T12:28:23,526][INFO ][o.e.p.PluginsService     ] [gh3tm0s] loaded module [transport-netty4]
[2018-03-13T12:28:23,527][INFO ][o.e.p.PluginsService     ] [gh3tm0s] no plugins loaded
[2018-03-13T12:28:26,329][INFO ][o.e.d.DiscoveryModule    ] [gh3tm0s] using discovery type [zen]
[2018-03-13T12:28:27,023][INFO ][o.e.n.Node               ] initialized
[2018-03-13T12:28:27,024][INFO ][o.e.n.Node               ] [gh3tm0s] starting ...
[2018-03-13T12:28:27,325][INFO ][o.e.t.TransportService   ] [gh3tm0s] publish_address {127.0.0.1:9301}, bound_addresses {[::1]:9301}, {127.0.0.1:9301}
[2018-03-13T12:28:27,659][WARN ][o.e.t.n.Netty4Transport  ] [gh3tm0s] exception caught on transport layer [[id: 0x098235d5, L:/0:0:0:0:0:0:0:1:54464 - R:/0:0:0:0:0:0:0:1:9300]], closing connection
java.io.IOException: Invalid string; unexpected character: 180 hex: b4
	at org.elasticsearch.common.io.stream.StreamInput.readString(StreamInput.java:372) ~[elasticsearch-5.5.3.jar:5.5.3]
	at org.elasticsearch.common.io.stream.StreamInput.readList(StreamInput.java:887) ~[elasticsearch-5.5.3.jar:5.5.3]
	at org.elasticsearch.common.io.stream.StreamInput.readMapOfLists(StreamInput.java:481) ~[elasticsearch-5.5.3.jar:5.5.3]
	at org.elasticsearch.common.util.concurrent.ThreadContext$ThreadContextStruct.<init>(ThreadContext.java:366) ~[elasticsearch-5.5.3.jar:5.5.3]
	at org.elasticsearch.common.util.concurrent.ThreadContext$ThreadContextStruct.<init>(ThreadContext.java:352) ~[elasticsearch-5.5.3.jar:5.5.3]
	at org.elasticsearch.common.util.concurrent.ThreadContext.readHeaders(ThreadContext.java:186) ~[elasticsearch-5.5.3.jar:5.5.3]
	at org.elasticsearch.transport.TcpTransport.messageReceived(TcpTransport.java:1383) ~[elasticsearch-5.5.3.jar:5.5.3]
	at org.elasticsearch.transport.netty4.Netty4MessageChannelHandler.channelRead(Netty4MessageChannelHandler.java:74) ~[transport-netty4-5.5.3.jar:5.5.3]
	at io.netty.channel.AbstractChannelHandlerContext.invokeChannelRead(AbstractChannelHandlerContext.java:362) [netty-transport-4.1.11.Final.jar:4.1.11.Final]
	at io.netty.channel.AbstractChannelHandlerContext.invokeChannelRead(AbstractChannelHandlerContext.java:348) [netty-transport-4.1.11.Final.jar:4.1.11.Final]
	at io.netty.channel.AbstractChannelHandlerContext.fireChannelRead(AbstractChannelHandlerContext.java:340) [netty-transport-4.1.11.Final.jar:4.1.11.Final]
	at io.netty.handler.codec.ByteToMessageDecoder.fireChannelRead(ByteToMessageDecoder.java:310) [netty-codec-4.1.11.Final.jar:4.1.11.Final]
	at io.netty.handler.codec.ByteToMessageDecoder.fireChannelRead(ByteToMessageDecoder.java:297) [netty-codec-4.1.11.Final.jar:4.1.11.Final]
	at io.netty.handler.codec.ByteToMessageDecoder.callDecode(ByteToMessageDecoder.java:413) [netty-codec-4.1.11.Final.jar:4.1.11.Final]
	at io.netty.handler.codec.ByteToMessageDecoder.channelRead(ByteToMessageDecoder.java:265) [netty-codec-4.1.11.Final.jar:4.1.11.Final]
	at io.netty.channel.AbstractChannelHandlerContext.invokeChannelRead(AbstractChannelHandlerContext.java:362) [netty-transport-4.1.11.Final.jar:4.1.11.Final]
	at io.netty.channel.AbstractChannelHandlerContext.invokeChannelRead(AbstractChannelHandlerContext.java:348) [netty-transport-4.1.11.Final.jar:4.1.11.Final]
	at io.netty.channel.AbstractChannelHandlerContext.fireChannelRead(AbstractChannelHandlerContext.java:340) [netty-transport-4.1.11.Final.jar:4.1.11.Final]
	at io.netty.channel.DefaultChannelPipeline$HeadContext.channelRead(DefaultChannelPipeline.java:1334) [netty-transport-4.1.11.Final.jar:4.1.11.Final]
	at io.netty.channel.AbstractChannelHandlerContext.invokeChannelRead(AbstractChannelHandlerContext.java:362) [netty-transport-4.1.11.Final.jar:4.1.11.Final]
	at io.netty.channel.AbstractChannelHandlerContext.invokeChannelRead(AbstractChannelHandlerContext.java:348) [netty-transport-4.1.11.Final.jar:4.1.11.Final]
	at io.netty.channel.DefaultChannelPipeline.fireChannelRead(DefaultChannelPipeline.java:926) [netty-transport-4.1.11.Final.jar:4.1.11.Final]
	at io.netty.channel.nio.AbstractNioByteChannel$NioByteUnsafe.read(AbstractNioByteChannel.java:134) [netty-transport-4.1.11.Final.jar:4.1.11.Final]
	at io.netty.channel.nio.NioEventLoop.processSelectedKey(NioEventLoop.java:644) [netty-transport-4.1.11.Final.jar:4.1.11.Final]
	at io.netty.channel.nio.NioEventLoop.processSelectedKeysPlain(NioEventLoop.java:544) [netty-transport-4.1.11.Final.jar:4.1.11.Final]
	at io.netty.channel.nio.NioEventLoop.processSelectedKeys(NioEventLoop.java:498) [netty-transport-4.1.11.Final.jar:4.1.11.Final]
	at io.netty.channel.nio.NioEventLoop.run(NioEventLoop.java:458) [netty-transport-4.1.11.Final.jar:4.1.11.Final]
	at io.netty.util.concurrent.SingleThreadEventExecutor$5.run(SingleThreadEventExecutor.java:858) [netty-common-4.1.11.Final.jar:4.1.11.Final]
	at java.lang.Thread.run(Thread.java:748) [?:1.8.0_161]
[2018-03-13T12:28:27,659][WARN ][o.e.t.n.Netty4Transport  ] [gh3tm0s] exception caught on transport layer [[id: 0x79aad154, L:/127.0.0.1:43896 - R:/127.0.0.1:9300]], closing connection
java.io.IOException: Invalid string; unexpected character: 180 hex: b4
	at org.elasticsearch.common.io.stream.StreamInput.readString(StreamInput.java:372) ~[elasticsearch-5.5.3.jar:5.5.3]
	at org.elasticsearch.common.io.stream.StreamInput.readList(StreamInput.java:887) ~[elasticsearch-5.5.3.jar:5.5.3]
	at org.elasticsearch.common.io.stream.StreamInput.readMapOfLists(StreamInput.java:481) ~[elasticsearch-5.5.3.jar:5.5.3]
	at org.elasticsearch.common.util.concurrent.ThreadContext$ThreadContextStruct.<init>(ThreadContext.java:366) ~[elasticsearch-5.5.3.jar:5.5.3]
	at org.elasticsearch.common.util.concurrent.ThreadContext$ThreadContextStruct.<init>(ThreadContext.java:352) ~[elasticsearch-5.5.3.jar:5.5.3]
	at org.elasticsearch.common.util.concurrent.ThreadContext.readHeaders(ThreadContext.java:186) ~[elasticsearch-5.5.3.jar:5.5.3]
	at org.elasticsearch.transport.TcpTransport.messageReceived(TcpTransport.java:1383) ~[elasticsearch-5.5.3.jar:5.5.3]
	at org.elasticsearch.transport.netty4.Netty4MessageChannelHandler.channelRead(Netty4MessageChannelHandler.java:74) ~[transport-netty4-5.5.3.jar:5.5.3]
	at io.netty.channel.AbstractChannelHandlerContext.invokeChannelRead(AbstractChannelHandlerContext.java:362) [netty-transport-4.1.11.Final.jar:4.1.11.Final]
	at io.netty.channel.AbstractChannelHandlerContext.invokeChannelRead(AbstractChannelHandlerContext.java:348) [netty-transport-4.1.11.Final.jar:4.1.11.Final]
	at io.netty.channel.AbstractChannelHandlerContext.fireChannelRead(AbstractChannelHandlerContext.java:340) [netty-transport-4.1.11.Final.jar:4.1.11.Final]
	at io.netty.handler.codec.ByteToMessageDecoder.fireChannelRead(ByteToMessageDecoder.java:310) [netty-codec-4.1.11.Final.jar:4.1.11.Final]
	at io.netty.handler.codec.ByteToMessageDecoder.fireChannelRead(ByteToMessageDecoder.java:297) [netty-codec-4.1.11.Final.jar:4.1.11.Final]
	at io.netty.handler.codec.ByteToMessageDecoder.callDecode(ByteToMessageDecoder.java:413) [netty-codec-4.1.11.Final.jar:4.1.11.Final]
	at io.netty.handler.codec.ByteToMessageDecoder.channelRead(ByteToMessageDecoder.java:265) [netty-codec-4.1.11.Final.jar:4.1.11.Final]
	at io.netty.channel.AbstractChannelHandlerContext.invokeChannelRead(AbstractChannelHandlerContext.java:362) [netty-transport-4.1.11.Final.jar:4.1.11.Final]
	at io.netty.channel.AbstractChannelHandlerContext.invokeChannelRead(AbstractChannelHandlerContext.java:348) [netty-transport-4.1.11.Final.jar:4.1.11.Final]
	at io.netty.channel.AbstractChannelHandlerContext.fireChannelRead(AbstractChannelHandlerContext.java:340) [netty-transport-4.1.11.Final.jar:4.1.11.Final]
	at io.netty.channel.DefaultChannelPipeline$HeadContext.channelRead(DefaultChannelPipeline.java:1334) [netty-transport-4.1.11.Final.jar:4.1.11.Final]
	at io.netty.channel.AbstractChannelHandlerContext.invokeChannelRead(AbstractChannelHandlerContext.java:362) [netty-transport-4.1.11.Final.jar:4.1.11.Final]
	at io.netty.channel.AbstractChannelHandlerContext.invokeChannelRead(AbstractChannelHandlerContext.java:348) [netty-transport-4.1.11.Final.jar:4.1.11.Final]
	at io.netty.channel.DefaultChannelPipeline.fireChannelRead(DefaultChannelPipeline.java:926) [netty-transport-4.1.11.Final.jar:4.1.11.Final]
	at io.netty.channel.nio.AbstractNioByteChannel$NioByteUnsafe.read(AbstractNioByteChannel.java:134) [netty-transport-4.1.11.Final.jar:4.1.11.Final]
	at io.netty.channel.nio.NioEventLoop.processSelectedKey(NioEventLoop.java:644) [netty-transport-4.1.11.Final.jar:4.1.11.Final]
	at io.netty.channel.nio.NioEventLoop.processSelectedKeysPlain(NioEventLoop.java:544) [netty-transport-4.1.11.Final.jar:4.1.11.Final]
	at io.netty.channel.nio.NioEventLoop.processSelectedKeys(NioEventLoop.java:498) [netty-transport-4.1.11.Final.jar:4.1.11.Final]
	at io.netty.channel.nio.NioEventLoop.run(NioEventLoop.java:458) [netty-transport-4.1.11.Final.jar:4.1.11.Final]
	at io.netty.util.concurrent.SingleThreadEventExecutor$5.run(SingleThreadEventExecutor.java:858) [netty-common-4.1.11.Final.jar:4.1.11.Final]
	at java.lang.Thread.run(Thread.java:748) [?:1.8.0_161]
[2018-03-13T12:28:28,458][WARN ][o.e.t.n.Netty4Transport  ] [gh3tm0s] exception caught on transport layer [[id: 0x946f452b, L:/0:0:0:0:0:0:0:1:54488 - R:/0:0:0:0:0:0:0:1:9300]], closing connection
java.io.IOException: Invalid string; unexpected character: 180 hex: b4
	at org.elasticsearch.common.io.stream.StreamInput.readString(StreamInput.java:372) ~[elasticsearch-5.5.3.jar:5.5.3]
	at org.elasticsearch.common.io.stream.StreamInput.readList(StreamInput.java:887) ~[elasticsearch-5.5.3.jar:5.5.3]
	at org.elasticsearch.common.io.stream.StreamInput.readMapOfLists(StreamInput.java:481) ~[elasticsearch-5.5.3.jar:5.5.3]
	at org.elasticsearch.common.util.concurrent.ThreadContext$ThreadContextStruct.<init>(ThreadContext.java:366) ~[elasticsearch-5.5.3.jar:5.5.3]
	at org.elasticsearch.common.util.concurrent.ThreadContext$ThreadContextStruct.<init>(ThreadContext.java:352) ~[elasticsearch-5.5.3.jar:5.5.3]
	at org.elasticsearch.common.util.concurrent.ThreadContext.readHeaders(ThreadContext.java:186) ~[elasticsearch-5.5.3.jar:5.5.3]
	at org.elasticsearch.transport.TcpTransport.messageReceived(TcpTransport.java:1383) ~[elasticsearch-5.5.3.jar:5.5.3]
	at org.elasticsearch.transport.netty4.Netty4MessageChannelHandler.channelRead(Netty4MessageChannelHandler.java:74) ~[transport-netty4-5.5.3.jar:5.5.3]
	at io.netty.channel.AbstractChannelHandlerContext.invokeChannelRead(AbstractChannelHandlerContext.java:362) [netty-transport-4.1.11.Final.jar:4.1.11.Final]
	at io.netty.channel.AbstractChannelHandlerContext.invokeChannelRead(AbstractChannelHandlerContext.java:348) [netty-transport-4.1.11.Final.jar:4.1.11.Final]
	at io.netty.channel.AbstractChannelHandlerContext.fireChannelRead(AbstractChannelHandlerContext.java:340) [netty-transport-4.1.11.Final.jar:4.1.11.Final]
	at io.netty.handler.codec.ByteToMessageDecoder.fireChannelRead(ByteToMessageDecoder.java:310) [netty-codec-4.1.11.Final.jar:4.1.11.Final]
	at io.netty.handler.codec.ByteToMessageDecoder.fireChannelRead(ByteToMessageDecoder.java:297) [netty-codec-4.1.11.Final.jar:4.1.11.Final]
	at io.netty.handler.codec.ByteToMessageDecoder.callDecode(ByteToMessageDecoder.java:413) [netty-codec-4.1.11.Final.jar:4.1.11.Final]
	at io.netty.handler.codec.ByteToMessageDecoder.channelRead(ByteToMessageDecoder.java:265) [netty-codec-4.1.11.Final.jar:4.1.11.Final]
	at io.netty.channel.AbstractChannelHandlerContext.invokeChannelRead(AbstractChannelHandlerContext.java:362) [netty-transport-4.1.11.Final.jar:4.1.11.Final]
	at io.netty.channel.AbstractChannelHandlerContext.invokeChannelRead(AbstractChannelHandlerContext.java:348) [netty-transport-4.1.11.Final.jar:4.1.11.Final]
	at io.netty.channel.AbstractChannelHandlerContext.fireChannelRead(AbstractChannelHandlerContext.java:340) [netty-transport-4.1.11.Final.jar:4.1.11.Final]
	at io.netty.channel.DefaultChannelPipeline$HeadContext.channelRead(DefaultChannelPipeline.java:1334) [netty-transport-4.1.11.Final.jar:4.1.11.Final]
	at io.netty.channel.AbstractChannelHandlerContext.invokeChannelRead(AbstractChannelHandlerContext.java:362) [netty-transport-4.1.11.Final.jar:4.1.11.Final]
	at io.netty.channel.AbstractChannelHandlerContext.invokeChannelRead(AbstractChannelHandlerContext.java:348) [netty-transport-4.1.11.Final.jar:4.1.11.Final]
	at io.netty.channel.DefaultChannelPipeline.fireChannelRead(DefaultChannelPipeline.java:926) [netty-transport-4.1.11.Final.jar:4.1.11.Final]
	at io.netty.channel.nio.AbstractNioByteChannel$NioByteUnsafe.read(AbstractNioByteChannel.java:134) [netty-transport-4.1.11.Final.jar:4.1.11.Final]
	at io.netty.channel.nio.NioEventLoop.processSelectedKey(NioEventLoop.java:644) [netty-transport-4.1.11.Final.jar:4.1.11.Final]
	at io.netty.channel.nio.NioEventLoop.processSelectedKeysPlain(NioEventLoop.java:544) [netty-transport-4.1.11.Final.jar:4.1.11.Final]
	at io.netty.channel.nio.NioEventLoop.processSelectedKeys(NioEventLoop.java:498) [netty-transport-4.1.11.Final.jar:4.1.11.Final]
	at io.netty.channel.nio.NioEventLoop.run(NioEventLoop.java:458) [netty-transport-4.1.11.Final.jar:4.1.11.Final]
	at io.netty.util.concurrent.SingleThreadEventExecutor$5.run(SingleThreadEventExecutor.java:858) [netty-common-4.1.11.Final.jar:4.1.11.Final]
	at java.lang.Thread.run(Thread.java:748) [?:1.8.0_161]
[2018-03-13T12:28:28,458][WARN ][o.e.t.n.Netty4Transport  ] [gh3tm0s] exception caught on transport layer [[id: 0x6cb0bd35, L:/127.0.0.1:43904 - R:/127.0.0.1:9300]], closing connection
java.io.IOException: Invalid string; unexpected character: 180 hex: b4
	at org.elasticsearch.common.io.stream.StreamInput.readString(StreamInput.java:372) ~[elasticsearch-5.5.3.jar:5.5.3]
	at org.elasticsearch.common.io.stream.StreamInput.readList(StreamInput.java:887) ~[elasticsearch-5.5.3.jar:5.5.3]
	at org.elasticsearch.common.io.stream.StreamInput.readMapOfLists(StreamInput.java:481) ~[elasticsearch-5.5.3.jar:5.5.3]
	at org.elasticsearch.common.util.concurrent.ThreadContext$ThreadContextStruct.<init>(ThreadContext.java:366) ~[elasticsearch-5.5.3.jar:5.5.3]
	at org.elasticsearch.common.util.concurrent.ThreadContext$ThreadContextStruct.<init>(ThreadContext.java:352) ~[elasticsearch-5.5.3.jar:5.5.3]
	at org.elasticsearch.common.util.concurrent.ThreadContext.readHeaders(ThreadContext.java:186) ~[elasticsearch-5.5.3.jar:5.5.3]
	at org.elasticsearch.transport.TcpTransport.messageReceived(TcpTransport.java:1383) ~[elasticsearch-5.5.3.jar:5.5.3]
	at org.elasticsearch.transport.netty4.Netty4MessageChannelHandler.channelRead(Netty4MessageChannelHandler.java:74) ~[transport-netty4-5.5.3.jar:5.5.3]
	at io.netty.channel.AbstractChannelHandlerContext.invokeChannelRead(AbstractChannelHandlerContext.java:362) [netty-transport-4.1.11.Final.jar:4.1.11.Final]
	at io.netty.channel.AbstractChannelHandlerContext.invokeChannelRead(AbstractChannelHandlerContext.java:348) [netty-transport-4.1.11.Final.jar:4.1.11.Final]
	at io.netty.channel.AbstractChannelHandlerContext.fireChannelRead(AbstractChannelHandlerContext.java:340) [netty-transport-4.1.11.Final.jar:4.1.11.Final]
	at io.netty.handler.codec.ByteToMessageDecoder.fireChannelRead(ByteToMessageDecoder.java:310) [netty-codec-4.1.11.Final.jar:4.1.11.Final]
	at io.netty.handler.codec.ByteToMessageDecoder.fireChannelRead(ByteToMessageDecoder.java:297) [netty-codec-4.1.11.Final.jar:4.1.11.Final]
	at io.netty.handler.codec.ByteToMessageDecoder.callDecode(ByteToMessageDecoder.java:413) [netty-codec-4.1.11.Final.jar:4.1.11.Final]
	at io.netty.handler.codec.ByteToMessageDecoder.channelRead(ByteToMessageDecoder.java:265) [netty-codec-4.1.11.Final.jar:4.1.11.Final]
	at io.netty.channel.AbstractChannelHandlerContext.invokeChannelRead(AbstractChannelHandlerContext.java:362) [netty-transport-4.1.11.Final.jar:4.1.11.Final]
	at io.netty.channel.AbstractChannelHandlerContext.invokeChannelRead(AbstractChannelHandlerContext.java:348) [netty-transport-4.1.11.Final.jar:4.1.11.Final]
	at io.netty.channel.AbstractChannelHandlerContext.fireChannelRead(AbstractChannelHandlerContext.java:340) [netty-transport-4.1.11.Final.jar:4.1.11.Final]
	at io.netty.channel.DefaultChannelPipeline$HeadContext.channelRead(DefaultChannelPipeline.java:1334) [netty-transport-4.1.11.Final.jar:4.1.11.Final]
	at io.netty.channel.AbstractChannelHandlerContext.invokeChannelRead(AbstractChannelHandlerContext.java:362) [netty-transport-4.1.11.Final.jar:4.1.11.Final]
	at io.netty.channel.AbstractChannelHandlerContext.invokeChannelRead(AbstractChannelHandlerContext.java:348) [netty-transport-4.1.11.Final.jar:4.1.11.Final]
	at io.netty.channel.DefaultChannelPipeline.fireChannelRead(DefaultChannelPipeline.java:926) [netty-transport-4.1.11.Final.jar:4.1.11.Final]
	at io.netty.channel.nio.AbstractNioByteChannel$NioByteUnsafe.read(AbstractNioByteChannel.java:134) [netty-transport-4.1.11.Final.jar:4.1.11.Final]
	at io.netty.channel.nio.NioEventLoop.processSelectedKey(NioEventLoop.java:644) [netty-transport-4.1.11.Final.jar:4.1.11.Final]
	at io.netty.channel.nio.NioEventLoop.processSelectedKeysPlain(NioEventLoop.java:544) [netty-transport-4.1.11.Final.jar:4.1.11.Final]
	at io.netty.channel.nio.NioEventLoop.processSelectedKeys(NioEventLoop.java:498) [netty-transport-4.1.11.Final.jar:4.1.11.Final]
	at io.netty.channel.nio.NioEventLoop.run(NioEventLoop.java:458) [netty-transport-4.1.11.Final.jar:4.1.11.Final]
	at io.netty.util.concurrent.SingleThreadEventExecutor$5.run(SingleThreadEventExecutor.java:858) [netty-common-4.1.11.Final.jar:4.1.11.Final]
	at java.lang.Thread.run(Thread.java:748) [?:1.8.0_161]
[2018-03-13T12:28:29,460][WARN ][o.e.t.n.Netty4Transport  ] [gh3tm0s] exception caught on transport layer [[id: 0xdd24da70, L:/127.0.0.1:43928 - R:/127.0.0.1:9300]], closing connection
java.io.IOException: Invalid string; unexpected character: 180 hex: b4
	at org.elasticsearch.common.io.stream.StreamInput.readString(StreamInput.java:372) ~[elasticsearch-5.5.3.jar:5.5.3]
	at org.elasticsearch.common.io.stream.StreamInput.readList(StreamInput.java:887) ~[elasticsearch-5.5.3.jar:5.5.3]
	at org.elasticsearch.common.io.stream.StreamInput.readMapOfLists(StreamInput.java:481) ~[elasticsearch-5.5.3.jar:5.5.3]
	at org.elasticsearch.common.util.concurrent.ThreadContext$ThreadContextStruct.<init>(ThreadContext.java:366) ~[elasticsearch-5.5.3.jar:5.5.3]
	at org.elasticsearch.common.util.concurrent.ThreadContext$ThreadContextStruct.<init>(ThreadContext.java:352) ~[elasticsearch-5.5.3.jar:5.5.3]
	at org.elasticsearch.common.util.concurrent.ThreadContext.readHeaders(ThreadContext.java:186) ~[elasticsearch-5.5.3.jar:5.5.3]
	at org.elasticsearch.transport.TcpTransport.messageReceived(TcpTransport.java:1383) ~[elasticsearch-5.5.3.jar:5.5.3]
	at org.elasticsearch.transport.netty4.Netty4MessageChannelHandler.channelRead(Netty4MessageChannelHandler.java:74) ~[transport-netty4-5.5.3.jar:5.5.3]
	at io.netty.channel.AbstractChannelHandlerContext.invokeChannelRead(AbstractChannelHandlerContext.java:362) [netty-transport-4.1.11.Final.jar:4.1.11.Final]
	at io.netty.channel.AbstractChannelHandlerContext.invokeChannelRead(AbstractChannelHandlerContext.java:348) [netty-transport-4.1.11.Final.jar:4.1.11.Final]
	at io.netty.channel.AbstractChannelHandlerContext.fireChannelRead(AbstractChannelHandlerContext.java:340) [netty-transport-4.1.11.Final.jar:4.1.11.Final]
	at io.netty.handler.codec.ByteToMessageDecoder.fireChannelRead(ByteToMessageDecoder.java:310) [netty-codec-4.1.11.Final.jar:4.1.11.Final]
	at io.netty.handler.codec.ByteToMessageDecoder.fireChannelRead(ByteToMessageDecoder.java:297) [netty-codec-4.1.11.Final.jar:4.1.11.Final]
	at io.netty.handler.codec.ByteToMessageDecoder.callDecode(ByteToMessageDecoder.java:413) [netty-codec-4.1.11.Final.jar:4.1.11.Final]
	at io.netty.handler.codec.ByteToMessageDecoder.channelRead(ByteToMessageDecoder.java:265) [netty-codec-4.1.11.Final.jar:4.1.11.Final]
	at io.netty.channel.AbstractChannelHandlerContext.invokeChannelRead(AbstractChannelHandlerContext.java:362) [netty-transport-4.1.11.Final.jar:4.1.11.Final]
	at io.netty.channel.AbstractChannelHandlerContext.invokeChannelRead(AbstractChannelHandlerContext.java:348) [netty-transport-4.1.11.Final.jar:4.1.11.Final]
	at io.netty.channel.AbstractChannelHandlerContext.fireChannelRead(AbstractChannelHandlerContext.java:340) [netty-transport-4.1.11.Final.jar:4.1.11.Final]
	at io.netty.channel.DefaultChannelPipeline$HeadContext.channelRead(DefaultChannelPipeline.java:1334) [netty-transport-4.1.11.Final.jar:4.1.11.Final]
	at io.netty.channel.AbstractChannelHandlerContext.invokeChannelRead(AbstractChannelHandlerContext.java:362) [netty-transport-4.1.11.Final.jar:4.1.11.Final]
	at io.netty.channel.AbstractChannelHandlerContext.invokeChannelRead(AbstractChannelHandlerContext.java:348) [netty-transport-4.1.11.Final.jar:4.1.11.Final]
	at io.netty.channel.DefaultChannelPipeline.fireChannelRead(DefaultChannelPipeline.java:926) [netty-transport-4.1.11.Final.jar:4.1.11.Final]
	at io.netty.channel.nio.AbstractNioByteChannel$NioByteUnsafe.read(AbstractNioByteChannel.java:134) [netty-transport-4.1.11.Final.jar:4.1.11.Final]
	at io.netty.channel.nio.NioEventLoop.processSelectedKey(NioEventLoop.java:644) [netty-transport-4.1.11.Final.jar:4.1.11.Final]
	at io.netty.channel.nio.NioEventLoop.processSelectedKeysPlain(NioEventLoop.java:544) [netty-transport-4.1.11.Final.jar:4.1.11.Final]
	at io.netty.channel.nio.NioEventLoop.processSelectedKeys(NioEventLoop.java:498) [netty-transport-4.1.11.Final.jar:4.1.11.Final]
	at io.netty.channel.nio.NioEventLoop.run(NioEventLoop.java:458) [netty-transport-4.1.11.Final.jar:4.1.11.Final]
	at io.netty.util.concurrent.SingleThreadEventExecutor$5.run(SingleThreadEventExecutor.java:858) [netty-common-4.1.11.Final.jar:4.1.11.Final]
	at java.lang.Thread.run(Thread.java:748) [?:1.8.0_161]
[2018-03-13T12:28:29,463][WARN ][o.e.t.n.Netty4Transport  ] [gh3tm0s] exception caught on transport layer [[id: 0xbb051d46, L:/0:0:0:0:0:0:0:1:54494 - R:/0:0:0:0:0:0:0:1:9300]], closing connection
java.io.IOException: Invalid string; unexpected character: 180 hex: b4
	at org.elasticsearch.common.io.stream.StreamInput.readString(StreamInput.java:372) ~[elasticsearch-5.5.3.jar:5.5.3]
	at org.elasticsearch.common.io.stream.StreamInput.readList(StreamInput.java:887) ~[elasticsearch-5.5.3.jar:5.5.3]
	at org.elasticsearch.common.io.stream.StreamInput.readMapOfLists(StreamInput.java:481) ~[elasticsearch-5.5.3.jar:5.5.3]
	at org.elasticsearch.common.util.concurrent.ThreadContext$ThreadContextStruct.<init>(ThreadContext.java:366) ~[elasticsearch-5.5.3.jar:5.5.3]
	at org.elasticsearch.common.util.concurrent.ThreadContext$ThreadContextStruct.<init>(ThreadContext.java:352) ~[elasticsearch-5.5.3.jar:5.5.3]
	at org.elasticsearch.common.util.concurrent.ThreadContext.readHeaders(ThreadContext.java:186) ~[elasticsearch-5.5.3.jar:5.5.3]
	at org.elasticsearch.transport.TcpTransport.messageReceived(TcpTransport.java:1383) ~[elasticsearch-5.5.3.jar:5.5.3]
	at org.elasticsearch.transport.netty4.Netty4MessageChannelHandler.channelRead(Netty4MessageChannelHandler.java:74) ~[transport-netty4-5.5.3.jar:5.5.3]
	at io.netty.channel.AbstractChannelHandlerContext.invokeChannelRead(AbstractChannelHandlerContext.java:362) [netty-transport-4.1.11.Final.jar:4.1.11.Final]
	at io.netty.channel.AbstractChannelHandlerContext.invokeChannelRead(AbstractChannelHandlerContext.java:348) [netty-transport-4.1.11.Final.jar:4.1.11.Final]
	at io.netty.channel.AbstractChannelHandlerContext.fireChannelRead(AbstractChannelHandlerContext.java:340) [netty-transport-4.1.11.Final.jar:4.1.11.Final]
	at io.netty.handler.codec.ByteToMessageDecoder.fireChannelRead(ByteToMessageDecoder.java:310) [netty-codec-4.1.11.Final.jar:4.1.11.Final]
	at io.netty.handler.codec.ByteToMessageDecoder.fireChannelRead(ByteToMessageDecoder.java:297) [netty-codec-4.1.11.Final.jar:4.1.11.Final]
	at io.netty.handler.codec.ByteToMessageDecoder.callDecode(ByteToMessageDecoder.java:413) [netty-codec-4.1.11.Final.jar:4.1.11.Final]
	at io.netty.handler.codec.ByteToMessageDecoder.channelRead(ByteToMessageDecoder.java:265) [netty-codec-4.1.11.Final.jar:4.1.11.Final]
	at io.netty.channel.AbstractChannelHandlerContext.invokeChannelRead(AbstractChannelHandlerContext.java:362) [netty-transport-4.1.11.Final.jar:4.1.11.Final]
	at io.netty.channel.AbstractChannelHandlerContext.invokeChannelRead(AbstractChannelHandlerContext.java:348) [netty-transport-4.1.11.Final.jar:4.1.11.Final]
	at io.netty.channel.AbstractChannelHandlerContext.fireChannelRead(AbstractChannelHandlerContext.java:340) [netty-transport-4.1.11.Final.jar:4.1.11.Final]
	at io.netty.channel.DefaultChannelPipeline$HeadContext.channelRead(DefaultChannelPipeline.java:1334) [netty-transport-4.1.11.Final.jar:4.1.11.Final]
	at io.netty.channel.AbstractChannelHandlerContext.invokeChannelRead(AbstractChannelHandlerContext.java:362) [netty-transport-4.1.11.Final.jar:4.1.11.Final]
	at io.netty.channel.AbstractChannelHandlerContext.invokeChannelRead(AbstractChannelHandlerContext.java:348) [netty-transport-4.1.11.Final.jar:4.1.11.Final]
	at io.netty.channel.DefaultChannelPipeline.fireChannelRead(DefaultChannelPipeline.java:926) [netty-transport-4.1.11.Final.jar:4.1.11.Final]
	at io.netty.channel.nio.AbstractNioByteChannel$NioByteUnsafe.read(AbstractNioByteChannel.java:134) [netty-transport-4.1.11.Final.jar:4.1.11.Final]
	at io.netty.channel.nio.NioEventLoop.processSelectedKey(NioEventLoop.java:644) [netty-transport-4.1.11.Final.jar:4.1.11.Final]
	at io.netty.channel.nio.NioEventLoop.processSelectedKeysPlain(NioEventLoop.java:544) [netty-transport-4.1.11.Final.jar:4.1.11.Final]
	at io.netty.channel.nio.NioEventLoop.processSelectedKeys(NioEventLoop.java:498) [netty-transport-4.1.11.Final.jar:4.1.11.Final]
	at io.netty.channel.nio.NioEventLoop.run(NioEventLoop.java:458) [netty-transport-4.1.11.Final.jar:4.1.11.Final]
	at io.netty.util.concurrent.SingleThreadEventExecutor$5.run(SingleThreadEventExecutor.java:858) [netty-common-4.1.11.Final.jar:4.1.11.Final]
	at java.lang.Thread.run(Thread.java:748) [?:1.8.0_161]
[2018-03-13T12:28:30,463][INFO ][o.e.c.s.ClusterService   ] [gh3tm0s] new_master {gh3tm0s}{gh3tm0smTeWQmSJinoELqw}{0bIYf3r-S5CbMzPCAIL0PQ}{127.0.0.1}{127.0.0.1:9301}, reason: zen-disco-elected-as-master ([0] nodes joined)
[2018-03-13T12:28:30,663][INFO ][o.e.h.n.Netty4HttpServerTransport] [gh3tm0s] publish_address {127.0.0.1:9201}, bound_addresses {[::1]:9201}, {127.0.0.1:9201}
[2018-03-13T12:28:30,663][INFO ][o.e.n.Node               ] [gh3tm0s] started
[2018-03-13T12:28:30,687][INFO ][o.e.g.GatewayService     ] [gh3tm0s] recovered [0] indices into cluster_state
[2018-03-13T12:29:34,349][INFO ][o.e.n.Node               ] [gh3tm0s] stopping ...
[2018-03-13T12:29:34,377][INFO ][o.e.n.Node               ] [gh3tm0s] stopped
[2018-03-13T12:29:34,377][INFO ][o.e.n.Node               ] [gh3tm0s] closing ...
[2018-03-13T12:29:34,386][INFO ][o.e.n.Node               ] [gh3tm0s] closed
